<?xml version="1.0" encoding="UTF-8"?>
<testsuite name="com.work.exchangeRate.service.GiphyClientTest" tests="1" skipped="0" failures="0" errors="0" timestamp="2022-06-05T09:12:48" hostname="MacBook-Air.local" time="0.44">
  <properties/>
  <testcase name="giphyPic()" classname="com.work.exchangeRate.service.GiphyClientTest" time="0.44"/>
  <system-out><![CDATA[2022-06-05 12:12:48.416  INFO 30309 --- [    Test worker] .b.t.c.SpringBootTestContextBootstrapper : Neither @ContextConfiguration nor @ContextHierarchy found for test class [com.work.exchangeRate.service.GiphyClientTest], using SpringBootContextLoader
2022-06-05 12:12:48.418  INFO 30309 --- [    Test worker] o.s.t.c.support.AbstractContextLoader    : Could not detect default resource locations for test class [com.work.exchangeRate.service.GiphyClientTest]: no resource found for suffixes {-context.xml, Context.groovy}.
2022-06-05 12:12:48.418  INFO 30309 --- [    Test worker] t.c.s.AnnotationConfigContextLoaderUtils : Could not detect default configuration classes for test class [com.work.exchangeRate.service.GiphyClientTest]: GiphyClientTest does not declare any static, non-private, non-final, nested classes annotated with @Configuration.
2022-06-05 12:12:48.422  INFO 30309 --- [    Test worker] .b.t.c.SpringBootTestContextBootstrapper : Found @SpringBootConfiguration com.work.exchangeRate.DemoApplication for test class com.work.exchangeRate.service.GiphyClientTest
2022-06-05 12:12:48.425  INFO 30309 --- [    Test worker] .b.t.c.SpringBootTestContextBootstrapper : Loaded default TestExecutionListener class names from location [META-INF/spring.factories]: [org.springframework.boot.test.autoconfigure.restdocs.RestDocsTestExecutionListener, org.springframework.boot.test.autoconfigure.web.client.MockRestServiceServerResetTestExecutionListener, org.springframework.boot.test.autoconfigure.web.servlet.MockMvcPrintOnlyOnFailureTestExecutionListener, org.springframework.boot.test.autoconfigure.web.servlet.WebDriverTestExecutionListener, org.springframework.boot.test.autoconfigure.webservices.client.MockWebServiceServerTestExecutionListener, org.springframework.boot.test.mock.mockito.MockitoTestExecutionListener, org.springframework.boot.test.mock.mockito.ResetMocksTestExecutionListener, org.springframework.test.context.web.ServletTestExecutionListener, org.springframework.test.context.support.DirtiesContextBeforeModesTestExecutionListener, org.springframework.test.context.support.DependencyInjectionTestExecutionListener, org.springframework.test.context.support.DirtiesContextTestExecutionListener, org.springframework.test.context.transaction.TransactionalTestExecutionListener, org.springframework.test.context.jdbc.SqlScriptsTestExecutionListener, org.springframework.test.context.event.EventPublishingTestExecutionListener]
2022-06-05 12:12:48.427  INFO 30309 --- [    Test worker] .b.t.c.SpringBootTestContextBootstrapper : Using TestExecutionListeners: [org.springframework.test.context.web.ServletTestExecutionListener@c843e87, org.springframework.test.context.support.DirtiesContextBeforeModesTestExecutionListener@26b455af, org.springframework.boot.test.mock.mockito.MockitoTestExecutionListener@69db56d9, org.springframework.boot.test.autoconfigure.SpringBootDependencyInjectionTestExecutionListener@bbc4359, org.springframework.test.context.support.DirtiesContextTestExecutionListener@26e134af, org.springframework.test.context.event.EventPublishingTestExecutionListener@227c04f1, org.springframework.boot.test.autoconfigure.restdocs.RestDocsTestExecutionListener@11a2e3f9, org.springframework.boot.test.autoconfigure.web.client.MockRestServiceServerResetTestExecutionListener@78edcc1f, org.springframework.boot.test.autoconfigure.web.servlet.MockMvcPrintOnlyOnFailureTestExecutionListener@5786dbe1, org.springframework.boot.test.autoconfigure.web.servlet.WebDriverTestExecutionListener@159f166c, org.springframework.boot.test.autoconfigure.webservices.client.MockWebServiceServerTestExecutionListener@1324920d, org.springframework.boot.test.mock.mockito.ResetMocksTestExecutionListener@53f3942]
]]></system-out>
  <system-err><![CDATA[]]></system-err>
</testsuite>
