<?xml version="1.0" encoding="UTF-8"?>
<testsuite name="com.work.exchangeRate.service.PageClientTest" tests="1" skipped="0" failures="0" errors="0" timestamp="2022-06-05T09:12:45" hostname="MacBook-Air.local" time="2.775">
  <properties/>
  <testcase name="returnValueNotNull()" classname="com.work.exchangeRate.service.PageClientTest" time="2.775"/>
  <system-out><![CDATA[12:12:36.345 [Test worker] DEBUG org.springframework.test.context.BootstrapUtils - Instantiating CacheAwareContextLoaderDelegate from class [org.springframework.test.context.cache.DefaultCacheAwareContextLoaderDelegate]
12:12:36.366 [Test worker] DEBUG org.springframework.test.context.BootstrapUtils - Instantiating BootstrapContext using constructor [public org.springframework.test.context.support.DefaultBootstrapContext(java.lang.Class,org.springframework.test.context.CacheAwareContextLoaderDelegate)]
12:12:36.406 [Test worker] DEBUG org.springframework.test.context.BootstrapUtils - Instantiating TestContextBootstrapper for test class [com.work.exchangeRate.service.PageClientTest] from class [org.springframework.boot.test.context.SpringBootTestContextBootstrapper]
12:12:36.439 [Test worker] INFO org.springframework.boot.test.context.SpringBootTestContextBootstrapper - Neither @ContextConfiguration nor @ContextHierarchy found for test class [com.work.exchangeRate.service.PageClientTest], using SpringBootContextLoader
12:12:36.443 [Test worker] DEBUG org.springframework.test.context.support.AbstractContextLoader - Did not detect default resource location for test class [com.work.exchangeRate.service.PageClientTest]: class path resource [com/work/exchangeRate/service/PageClientTest-context.xml] does not exist
12:12:36.444 [Test worker] DEBUG org.springframework.test.context.support.AbstractContextLoader - Did not detect default resource location for test class [com.work.exchangeRate.service.PageClientTest]: class path resource [com/work/exchangeRate/service/PageClientTestContext.groovy] does not exist
12:12:36.444 [Test worker] INFO org.springframework.test.context.support.AbstractContextLoader - Could not detect default resource locations for test class [com.work.exchangeRate.service.PageClientTest]: no resource found for suffixes {-context.xml, Context.groovy}.
12:12:36.447 [Test worker] INFO org.springframework.test.context.support.AnnotationConfigContextLoaderUtils - Could not detect default configuration classes for test class [com.work.exchangeRate.service.PageClientTest]: PageClientTest does not declare any static, non-private, non-final, nested classes annotated with @Configuration.
12:12:36.558 [Test worker] DEBUG org.springframework.test.context.support.ActiveProfilesUtils - Could not find an 'annotation declaring class' for annotation type [org.springframework.test.context.ActiveProfiles] and class [com.work.exchangeRate.service.PageClientTest]
12:12:36.689 [Test worker] DEBUG org.springframework.context.annotation.ClassPathScanningCandidateComponentProvider - Identified candidate component class: file [/Users/permishin/IdeaProjects/exchangerate/build/classes/java/main/com/work/exchangeRate/DemoApplication.class]
12:12:36.690 [Test worker] INFO org.springframework.boot.test.context.SpringBootTestContextBootstrapper - Found @SpringBootConfiguration com.work.exchangeRate.DemoApplication for test class com.work.exchangeRate.service.PageClientTest
12:12:36.832 [Test worker] DEBUG org.springframework.boot.test.context.SpringBootTestContextBootstrapper - @TestExecutionListeners is not present for class [com.work.exchangeRate.service.PageClientTest]: using defaults.
12:12:36.834 [Test worker] INFO org.springframework.boot.test.context.SpringBootTestContextBootstrapper - Loaded default TestExecutionListener class names from location [META-INF/spring.factories]: [org.springframework.boot.test.autoconfigure.restdocs.RestDocsTestExecutionListener, org.springframework.boot.test.autoconfigure.web.client.MockRestServiceServerResetTestExecutionListener, org.springframework.boot.test.autoconfigure.web.servlet.MockMvcPrintOnlyOnFailureTestExecutionListener, org.springframework.boot.test.autoconfigure.web.servlet.WebDriverTestExecutionListener, org.springframework.boot.test.autoconfigure.webservices.client.MockWebServiceServerTestExecutionListener, org.springframework.boot.test.mock.mockito.MockitoTestExecutionListener, org.springframework.boot.test.mock.mockito.ResetMocksTestExecutionListener, org.springframework.test.context.web.ServletTestExecutionListener, org.springframework.test.context.support.DirtiesContextBeforeModesTestExecutionListener, org.springframework.test.context.support.DependencyInjectionTestExecutionListener, org.springframework.test.context.support.DirtiesContextTestExecutionListener, org.springframework.test.context.transaction.TransactionalTestExecutionListener, org.springframework.test.context.jdbc.SqlScriptsTestExecutionListener, org.springframework.test.context.event.EventPublishingTestExecutionListener]
12:12:36.861 [Test worker] DEBUG org.springframework.boot.test.context.SpringBootTestContextBootstrapper - Skipping candidate TestExecutionListener [org.springframework.test.context.transaction.TransactionalTestExecutionListener] due to a missing dependency. Specify custom listener classes or make the default listener classes and their required dependencies available. Offending class: [org/springframework/transaction/TransactionDefinition]
12:12:36.862 [Test worker] DEBUG org.springframework.boot.test.context.SpringBootTestContextBootstrapper - Skipping candidate TestExecutionListener [org.springframework.test.context.jdbc.SqlScriptsTestExecutionListener] due to a missing dependency. Specify custom listener classes or make the default listener classes and their required dependencies available. Offending class: [org/springframework/transaction/interceptor/TransactionAttribute]
12:12:36.863 [Test worker] INFO org.springframework.boot.test.context.SpringBootTestContextBootstrapper - Using TestExecutionListeners: [org.springframework.test.context.web.ServletTestExecutionListener@659a52b9, org.springframework.test.context.support.DirtiesContextBeforeModesTestExecutionListener@7b1b1d10, org.springframework.boot.test.mock.mockito.MockitoTestExecutionListener@5f1ebbed, org.springframework.boot.test.autoconfigure.SpringBootDependencyInjectionTestExecutionListener@9c12ee0, org.springframework.test.context.support.DirtiesContextTestExecutionListener@3ef9aafb, org.springframework.test.context.event.EventPublishingTestExecutionListener@1d29d3a9, org.springframework.boot.test.autoconfigure.restdocs.RestDocsTestExecutionListener@37c2d232, org.springframework.boot.test.autoconfigure.web.client.MockRestServiceServerResetTestExecutionListener@37f45c04, org.springframework.boot.test.autoconfigure.web.servlet.MockMvcPrintOnlyOnFailureTestExecutionListener@44298673, org.springframework.boot.test.autoconfigure.web.servlet.WebDriverTestExecutionListener@174ea1c4, org.springframework.boot.test.autoconfigure.webservices.client.MockWebServiceServerTestExecutionListener@36bca25d, org.springframework.boot.test.mock.mockito.ResetMocksTestExecutionListener@233dccf2]
12:12:36.871 [Test worker] DEBUG org.springframework.test.context.support.AbstractDirtiesContextTestExecutionListener - Before test class: context [DefaultTestContext@18321b53 testClass = PageClientTest, testInstance = [null], testMethod = [null], testException = [null], mergedContextConfiguration = [WebMergedContextConfiguration@1ff9c389 testClass = PageClientTest, locations = '{}', classes = '{class com.work.exchangeRate.DemoApplication}', contextInitializerClasses = '[]', activeProfiles = '{}', propertySourceLocations = '{}', propertySourceProperties = '{org.springframework.boot.test.context.SpringBootTestContextBootstrapper=true}', contextCustomizers = set[org.springframework.boot.test.autoconfigure.properties.PropertyMappingContextCustomizer@0, org.springframework.boot.test.autoconfigure.web.servlet.WebDriverContextCustomizerFactory$Customizer@756ea5fb, org.springframework.boot.test.context.filter.ExcludeFilterContextCustomizer@420b2bbd, org.springframework.boot.test.json.DuplicateJsonObjectContextCustomizerFactory$DuplicateJsonObjectContextCustomizer@6250df83, org.springframework.boot.test.mock.mockito.MockitoContextCustomizer@0, org.springframework.boot.test.web.client.TestRestTemplateContextCustomizer@50d2bb67, org.springframework.boot.test.context.SpringBootTestArgs@1], resourceBasePath = 'src/main/webapp', contextLoader = 'org.springframework.boot.test.context.SpringBootContextLoader', parent = [null]], attributes = map['org.springframework.test.context.web.ServletTestExecutionListener.activateListener' -> true]], class annotated with @DirtiesContext [false] with mode [null].
12:12:36.916 [Test worker] DEBUG org.springframework.test.context.support.TestPropertySourceUtils - Adding inlined properties to environment: {spring.jmx.enabled=false, org.springframework.boot.test.context.SpringBootTestContextBootstrapper=true}

  .   ____          _            __ _ _
 /\\ / ___'_ __ _ _(_)_ __  __ _ \ \ \ \
( ( )\___ | '_ | '_| | '_ \/ _` | \ \ \ \
 \\/  ___)| |_)| | | | | || (_| |  ) ) ) )
  '  |____| .__|_| |_|_| |_\__, | / / / /
 =========|_|==============|___/=/_/_/_/
 :: Spring Boot ::        (v2.3.0.RELEASE)

2022-06-05 12:12:38.508  INFO 30309 --- [    Test worker] c.w.exchangeRate.service.PageClientTest  : No active profile set, falling back to default profiles: default
2022-06-05 12:12:40.410  INFO 30309 --- [    Test worker] o.s.cloud.context.scope.GenericScope     : BeanFactory id=5a307320-4098-3539-bc92-5b45330f9531
2022-06-05 12:12:41.051  INFO 30309 --- [    Test worker] trationDelegate$BeanPostProcessorChecker : Bean 'com.work.exchangeRate.service.PageClient' of type [org.springframework.cloud.openfeign.FeignClientFactoryBean] is not eligible for getting processed by all BeanPostProcessors (for example: not eligible for auto-proxying)
2022-06-05 12:12:41.066  INFO 30309 --- [    Test worker] trationDelegate$BeanPostProcessorChecker : Bean 'com.work.exchangeRate.service.GiphyClient' of type [org.springframework.cloud.openfeign.FeignClientFactoryBean] is not eligible for getting processed by all BeanPostProcessors (for example: not eligible for auto-proxying)
2022-06-05 12:12:43.484  WARN 30309 --- [    Test worker] o.s.c.n.a.ArchaiusAutoConfiguration      : No spring.application.name found, defaulting to 'application'
2022-06-05 12:12:43.516  WARN 30309 --- [    Test worker] c.n.c.sources.URLConfigurationSource     : No URLs will be polled as dynamic configuration sources.
2022-06-05 12:12:43.516  INFO 30309 --- [    Test worker] c.n.c.sources.URLConfigurationSource     : To enable URLs as dynamic configuration sources, define System property archaius.configurationSource.additionalUrls or make config.properties available on classpath.
2022-06-05 12:12:43.547  WARN 30309 --- [    Test worker] c.n.c.sources.URLConfigurationSource     : No URLs will be polled as dynamic configuration sources.
2022-06-05 12:12:43.548  INFO 30309 --- [    Test worker] c.n.c.sources.URLConfigurationSource     : To enable URLs as dynamic configuration sources, define System property archaius.configurationSource.additionalUrls or make config.properties available on classpath.
2022-06-05 12:12:44.342  INFO 30309 --- [    Test worker] o.s.s.concurrent.ThreadPoolTaskExecutor  : Initializing ExecutorService 'applicationTaskExecutor'
2022-06-05 12:12:45.594  INFO 30309 --- [    Test worker] c.w.exchangeRate.service.PageClientTest  : Started PageClientTest in 8.654 seconds (JVM running for 11.22)
]]></system-out>
  <system-err><![CDATA[]]></system-err>
</testsuite>
