<?xml version="1.0" encoding="UTF-8"?>
<testsuite name="com.work.exchangeRate.service.ExchangeMethodsTest" tests="1" skipped="0" failures="0" errors="0" timestamp="2022-06-05T09:12:48" hostname="MacBook-Air.local" time="0.008">
  <properties/>
  <testcase name="calculatorTest()" classname="com.work.exchangeRate.service.ExchangeMethodsTest" time="0.008"/>
  <system-out><![CDATA[2022-06-05 12:12:48.877  INFO 30309 --- [    Test worker] .b.t.c.SpringBootTestContextBootstrapper : Neither @ContextConfiguration nor @ContextHierarchy found for test class [com.work.exchangeRate.service.ExchangeMethodsTest], using SpringBootContextLoader
2022-06-05 12:12:48.878  INFO 30309 --- [    Test worker] o.s.t.c.support.AbstractContextLoader    : Could not detect default resource locations for test class [com.work.exchangeRate.service.ExchangeMethodsTest]: no resource found for suffixes {-context.xml, Context.groovy}.
2022-06-05 12:12:48.879  INFO 30309 --- [    Test worker] t.c.s.AnnotationConfigContextLoaderUtils : Could not detect default configuration classes for test class [com.work.exchangeRate.service.ExchangeMethodsTest]: ExchangeMethodsTest does not declare any static, non-private, non-final, nested classes annotated with @Configuration.
2022-06-05 12:12:48.882  INFO 30309 --- [    Test worker] .b.t.c.SpringBootTestContextBootstrapper : Found @SpringBootConfiguration com.work.exchangeRate.DemoApplication for test class com.work.exchangeRate.service.ExchangeMethodsTest
2022-06-05 12:12:48.886  INFO 30309 --- [    Test worker] .b.t.c.SpringBootTestContextBootstrapper : Loaded default TestExecutionListener class names from location [META-INF/spring.factories]: [org.springframework.boot.test.autoconfigure.restdocs.RestDocsTestExecutionListener, org.springframework.boot.test.autoconfigure.web.client.MockRestServiceServerResetTestExecutionListener, org.springframework.boot.test.autoconfigure.web.servlet.MockMvcPrintOnlyOnFailureTestExecutionListener, org.springframework.boot.test.autoconfigure.web.servlet.WebDriverTestExecutionListener, org.springframework.boot.test.autoconfigure.webservices.client.MockWebServiceServerTestExecutionListener, org.springframework.boot.test.mock.mockito.MockitoTestExecutionListener, org.springframework.boot.test.mock.mockito.ResetMocksTestExecutionListener, org.springframework.test.context.web.ServletTestExecutionListener, org.springframework.test.context.support.DirtiesContextBeforeModesTestExecutionListener, org.springframework.test.context.support.DependencyInjectionTestExecutionListener, org.springframework.test.context.support.DirtiesContextTestExecutionListener, org.springframework.test.context.transaction.TransactionalTestExecutionListener, org.springframework.test.context.jdbc.SqlScriptsTestExecutionListener, org.springframework.test.context.event.EventPublishingTestExecutionListener]
2022-06-05 12:12:48.890  INFO 30309 --- [    Test worker] .b.t.c.SpringBootTestContextBootstrapper : Using TestExecutionListeners: [org.springframework.test.context.web.ServletTestExecutionListener@30e668f6, org.springframework.test.context.support.DirtiesContextBeforeModesTestExecutionListener@120ef1f, org.springframework.boot.test.mock.mockito.MockitoTestExecutionListener@4ee2fcf1, org.springframework.boot.test.autoconfigure.SpringBootDependencyInjectionTestExecutionListener@79573658, org.springframework.test.context.support.DirtiesContextTestExecutionListener@7a75405c, org.springframework.test.context.event.EventPublishingTestExecutionListener@7c2b101a, org.springframework.boot.test.autoconfigure.restdocs.RestDocsTestExecutionListener@25f77e1a, org.springframework.boot.test.autoconfigure.web.client.MockRestServiceServerResetTestExecutionListener@65d2690a, org.springframework.boot.test.autoconfigure.web.servlet.MockMvcPrintOnlyOnFailureTestExecutionListener@35f5a24c, org.springframework.boot.test.autoconfigure.web.servlet.WebDriverTestExecutionListener@11fadf28, org.springframework.boot.test.autoconfigure.webservices.client.MockWebServiceServerTestExecutionListener@f6374a3, org.springframework.boot.test.mock.mockito.ResetMocksTestExecutionListener@798fc67c]
]]></system-out>
  <system-err><![CDATA[]]></system-err>
</testsuite>
